<?xml version="1.0" encoding="UTF-8"?>
<testng-results skipped="0" failed="1" ignored="0" total="2" passed="1">
  <reporter-output>
  </reporter-output>
  <suite name="Suite" duration-ms="106679" started-at="2021-07-30T16:09:58 IST" finished-at="2021-07-30T16:11:45 IST">
    <groups>
    </groups>
    <test name="Test" duration-ms="106679" started-at="2021-07-30T16:09:58 IST" finished-at="2021-07-30T16:11:45 IST">
      <class name="testCases.BookingTest">
        <test-method status="PASS" signature="browerstartUp()[pri:0, instance:testCases.BookingTest@55cb6996]" name="browerstartUp" is-config="true" duration-ms="52515" started-at="2021-07-30T16:10:47 IST" finished-at="2021-07-30T16:11:39 IST">
          <reporter-output>
          </reporter-output>
        </test-method> <!-- browerstartUp -->
        <test-method status="FAIL" signature="ticktBooking()[pri:0, instance:testCases.BookingTest@55cb6996]" name="ticktBooking" duration-ms="30" started-at="2021-07-30T16:11:39 IST" finished-at="2021-07-30T16:11:39 IST">
          <exception class="java.lang.AssertionError">
            <message>
              <![CDATA[expected [chaitra] but found [SpiceJet - Flight Booking for Domestic and International, Cheap Air Tickets]]]>
            </message>
            <full-stacktrace>
              <![CDATA[java.lang.AssertionError: expected [chaitra] but found [SpiceJet - Flight Booking for Domestic and International, Cheap Air Tickets]
at org.testng.Assert.fail(Assert.java:99)
at org.testng.Assert.failNotEquals(Assert.java:1037)
at org.testng.Assert.assertEqualsImpl(Assert.java:140)
at org.testng.Assert.assertEquals(Assert.java:122)
at org.testng.Assert.assertEquals(Assert.java:629)
at org.testng.Assert.assertEquals(Assert.java:639)
at testCases.BookingTest.ticktBooking(BookingTest.java:37)
at sun.reflect.NativeMethodAccessorImpl.invoke0(Native Method)
at sun.reflect.NativeMethodAccessorImpl.invoke(Unknown Source)
at sun.reflect.DelegatingMethodAccessorImpl.invoke(Unknown Source)
at java.lang.reflect.Method.invoke(Unknown Source)
at org.testng.internal.MethodInvocationHelper.invokeMethod(MethodInvocationHelper.java:133)
at org.testng.internal.TestInvoker.invokeMethod(TestInvoker.java:598)
at org.testng.internal.TestInvoker.invokeTestMethod(TestInvoker.java:173)
at org.testng.internal.MethodRunner.runInSequence(MethodRunner.java:46)
at org.testng.internal.TestInvoker$MethodInvocationAgent.invoke(TestInvoker.java:824)
at org.testng.internal.TestInvoker.invokeTestMethods(TestInvoker.java:146)
at org.testng.internal.TestMethodWorker.invokeTestMethods(TestMethodWorker.java:146)
at org.testng.internal.TestMethodWorker.run(TestMethodWorker.java:128)
at org.testng.TestRunner$$Lambda$109/304354378.accept(Unknown Source)
at java.util.ArrayList.forEach(Unknown Source)
at org.testng.TestRunner.privateRun(TestRunner.java:794)
at org.testng.TestRunner.run(TestRunner.java:596)
at org.testng.SuiteRunner.runTest(SuiteRunner.java:377)
at org.testng.SuiteRunner.runSequentially(SuiteRunner.java:371)
at org.testng.SuiteRunner.privateRun(SuiteRunner.java:332)
at org.testng.SuiteRunner.run(SuiteRunner.java:276)
at org.testng.SuiteRunnerWorker.runSuite(SuiteRunnerWorker.java:53)
at org.testng.SuiteRunnerWorker.run(SuiteRunnerWorker.java:96)
at org.testng.TestNG.runSuitesSequentially(TestNG.java:1212)
at org.testng.TestNG.runSuitesLocally(TestNG.java:1134)
at org.testng.TestNG.runSuites(TestNG.java:1063)
at org.testng.TestNG.run(TestNG.java:1031)
at org.testng.remote.AbstractRemoteTestNG.run(AbstractRemoteTestNG.java:115)
at org.testng.remote.RemoteTestNG.initAndRun(RemoteTestNG.java:251)
at org.testng.remote.RemoteTestNG.main(RemoteTestNG.java:77)
]]>
            </full-stacktrace>
          </exception> <!-- java.lang.AssertionError -->
          <reporter-output>
          </reporter-output>
        </test-method> <!-- ticktBooking -->
        <test-method status="PASS" signature="browertearDown()[pri:0, instance:testCases.BookingTest@55cb6996]" name="browertearDown" is-config="true" duration-ms="4798" started-at="2021-07-30T16:11:40 IST" finished-at="2021-07-30T16:11:45 IST">
          <reporter-output>
          </reporter-output>
        </test-method> <!-- browertearDown -->
      </class> <!-- testCases.BookingTest -->
      <class name="testCases.SpicestyleheaderTest">
        <test-method status="PASS" signature="getspicestyleheadervalidation()[pri:0, instance:testCases.SpicestyleheaderTest@45d84a20]" name="getspicestyleheadervalidation" duration-ms="48698" started-at="2021-07-30T16:09:58 IST" finished-at="2021-07-30T16:10:47 IST">
          <reporter-output>
          </reporter-output>
        </test-method> <!-- getspicestyleheadervalidation -->
      </class> <!-- testCases.SpicestyleheaderTest -->
    </test> <!-- Test -->
  </suite> <!-- Suite -->
</testng-results>
